%!Adobe-FontList 1.22
%Locale:0x409

%BeginFont
Handler:DirectoryHandler
FontType:Invalid
OutlineFileName:/Users/Libby/Dropbox (Personal)/CJD/CLIENTS/Olmos Ensemble/Olmos Website Redesign/Olmos_Website_Visual_Mockup Folder/Document fonts/AdobeFnt22.lst
FileLength:4955
FileModTime:616308900
%EndFont

%BeginFont
Handler:DirectoryHandler
FontType:TrueType
FontName:AvenirNext-Bold
FamilyName:Avenir Next
StyleName:Bold
MenuName:Avenir Next
StyleBits:2
WeightClass:700
WidthClass:5
AngleClass:0
FullName:Avenir Next Bold
WritingScript:Roman
OutlineFileName:/Users/Libby/Dropbox (Personal)/CJD/CLIENTS/Olmos Ensemble/Olmos Website Redesign/Olmos_Website_Visual_Mockup Folder/Document fonts/Avenir Next.ttc
TTCOffset:72
DataFormat:sfntData
hasSVG:no
VariableFontType:NonVariableFont
FileLength:4988788
FileModTime:604535960
NameArray:0,Mac,18,Avenir Next Bold
NameArray:0,Mac,4,Avenir Next Bold
NameArray:0,Win,1,Avenir Next
NameArray:0,Win,16,Avenir Next
%EndFont

%BeginFont
Handler:DirectoryHandler
FontType:TrueType
FontName:CormorantInfant-Bold
FamilyName:Cormorant Infant
StyleName:Bold
MenuName:Cormorant Infant
StyleBits:2
WeightClass:700
WidthClass:5
AngleClass:0
FullName:Cormorant Infant Bold
WritingScript:Roman
OutlineFileName:/Users/Libby/Dropbox (Personal)/CJD/CLIENTS/Olmos Ensemble/Olmos Website Redesign/Olmos_Website_Visual_Mockup Folder/Document fonts/CormorantInfant-Bold.ttf
DataFormat:sfntData
hasSVG:no
VariableFontType:NonVariableFont
FileLength:674028
FileModTime:487656000
NameArray:0,Win,1,Cormorant Infant
%EndFont

%BeginFont
Handler:DirectoryHandler
FontType:TrueType
FontName:CormorantInfant-BoldItalic
FamilyName:Cormorant Infant
StyleName:Bold Italic
MenuName:Cormorant Infant
StyleBits:3
WeightClass:700
WidthClass:5
AngleClass:1
FullName:Cormorant Infant Bold Italic
WritingScript:Roman
OutlineFileName:/Users/Libby/Dropbox (Personal)/CJD/CLIENTS/Olmos Ensemble/Olmos Website Redesign/Olmos_Website_Visual_Mockup Folder/Document fonts/CormorantInfant-BoldItalic.ttf
DataFormat:sfntData
hasSVG:no
VariableFontType:NonVariableFont
FileLength:537200
FileModTime:487656000
NameArray:0,Win,1,Cormorant Infant
%EndFont

%BeginFont
Handler:DirectoryHandler
FontType:TrueType
FontName:CormorantInfant-Medium
FamilyName:Cormorant Infant
StyleName:Medium
MenuName:Cormorant Infant Medium
StyleBits:0
WeightClass:500
WidthClass:5
AngleClass:0
FullName:Cormorant Infant Medium
WritingScript:Roman
OutlineFileName:/Users/Libby/Dropbox (Personal)/CJD/CLIENTS/Olmos Ensemble/Olmos Website Redesign/Olmos_Website_Visual_Mockup Folder/Document fonts/CormorantInfant-Medium.ttf
DataFormat:sfntData
hasSVG:no
VariableFontType:NonVariableFont
FileLength:661092
FileModTime:487656000
NameArray:0,Win,1,Cormorant Infant Medium
NameArray:0,Win,16,Cormorant Infant
%EndFont

%BeginFont
Handler:DirectoryHandler
FontType:TrueType
FontName:CormorantInfant-Regular
FamilyName:Cormorant Infant
StyleName:Regular
MenuName:Cormorant Infant
StyleBits:0
WeightClass:400
WidthClass:5
AngleClass:0
FullName:Cormorant Infant Regular
WritingScript:Roman
OutlineFileName:/Users/Libby/Dropbox (Personal)/CJD/CLIENTS/Olmos Ensemble/Olmos Website Redesign/Olmos_Website_Visual_Mockup Folder/Document fonts/CormorantInfant-Regular.ttf
DataFormat:sfntData
hasSVG:no
VariableFontType:NonVariableFont
FileLength:666284
FileModTime:487656000
NameArray:0,Win,1,Cormorant Infant
%EndFont

%BeginFont
Handler:DirectoryHandler
FontType:TrueType
FontName:CormorantInfant-SemiBold
FamilyName:Cormorant Infant
StyleName:SemiBold
MenuName:Cormorant Infant SemiBold
StyleBits:0
WeightClass:600
WidthClass:5
AngleClass:0
FullName:Cormorant Infant SemiBold
WritingScript:Roman
OutlineFileName:/Users/Libby/Dropbox (Personal)/CJD/CLIENTS/Olmos Ensemble/Olmos Website Redesign/Olmos_Website_Visual_Mockup Folder/Document fonts/CormorantInfant-SemiBold.ttf
DataFormat:sfntData
hasSVG:no
VariableFontType:NonVariableFont
FileLength:688984
FileModTime:487656000
NameArray:0,Win,1,Cormorant Infant SemiBold
NameArray:0,Win,16,Cormorant Infant
%EndFont

%BeginFont
Handler:DirectoryHandler
FontType:TrueType
FontName:Roboto-Bold
FamilyName:Roboto
StyleName:Bold
MenuName:Roboto
StyleBits:2
WeightClass:700
WidthClass:5
AngleClass:0
FullName:Roboto Bold
WritingScript:Roman
OutlineFileName:/Users/Libby/Dropbox (Personal)/CJD/CLIENTS/Olmos Ensemble/Olmos Website Redesign/Olmos_Website_Visual_Mockup Folder/Document fonts/Roboto-Bold.ttf
DataFormat:sfntData
hasSVG:no
VariableFontType:NonVariableFont
FileLength:127744
FileModTime:424399611
NameArray:0,Mac,18,Roboto Bold
NameArray:0,Mac,4,Roboto Bold
NameArray:0,Win,1,Roboto
%EndFont

%BeginFont
Handler:DirectoryHandler
FontType:TrueType
FontName:Roboto-Light
FamilyName:Roboto
StyleName:Light
MenuName:Roboto
StyleBits:0
WeightClass:300
WidthClass:5
AngleClass:0
FullName:Roboto Light
WritingScript:Roman
OutlineFileName:/Users/Libby/Dropbox (Personal)/CJD/CLIENTS/Olmos Ensemble/Olmos Website Redesign/Olmos_Website_Visual_Mockup Folder/Document fonts/Roboto-Light.ttf
DataFormat:sfntData
hasSVG:no
VariableFontType:NonVariableFont
FileLength:126792
FileModTime:424399611
NameArray:0,Mac,18,Roboto Light
NameArray:0,Mac,4,Roboto Light
NameArray:0,Win,1,Roboto
NameArray:0,Win,16,Roboto
%EndFont

